<?xml version="1.0" encoding="UTF-8"?>
<!-- Generated by org.testng.reporters.JUnitXMLReporter -->
<testsuite ignored="2" hostname="MacbookAir" failures="0" tests="1" name="Default test" time="238.107" errors="0" timestamp="2024-09-16T23:59:35 IST">
  <testcase classname="TestCases.TC_01_MyProtien_Login_using_BaseTest" name="signUPIntoApplication_using_Registration" time="225.35"/>
  <testcase classname="TestCases.TC_01_MyProtien_Login_using_BaseTest" name="loginIntoApplication_using_Credintails" time="0.0">
    <ignored/>
  </testcase> <!-- loginIntoApplication_using_Credintails -->
  <testcase classname="TestCases.TC_01_MyProtien_Login_using_BaseTest" name="Direct_Search" time="0.0">
    <ignored/>
  </testcase> <!-- Direct_Search -->
</testsuite> <!-- Default test -->
