<?xml version="1.0" encoding="UTF-8"?>
<testng-results ignored="2" total="3" passed="1" failed="0" skipped="0">
  <reporter-output>
  </reporter-output>
  <suite started-at="2024-09-16T14:48:17 IST" name="Default suite" finished-at="2024-09-16T14:49:22 IST" duration-ms="65154">
    <groups>
    </groups>
    <test started-at="2024-09-16T14:48:17 IST" name="Default test" finished-at="2024-09-16T14:49:22 IST" duration-ms="65154">
      <class name="TestCases.TC_01_MyProtien_Login_using_BaseTest">
        <test-method is-config="true" signature="setupSuite()[pri:0, instance:TestCases.TC_01_MyProtien_Login_using_BaseTest@7a231dfd]" started-at="2024-09-16T14:48:16 IST" name="setupSuite" finished-at="2024-09-16T14:48:17 IST" duration-ms="605" status="PASS">
          <reporter-output>
          </reporter-output>
        </test-method> <!-- setupSuite -->
        <test-method is-config="true" signature="startDriver(java.lang.String,org.testng.ITestResult)[pri:0, instance:TestCases.TC_01_MyProtien_Login_using_BaseTest@7a231dfd]" started-at="2024-09-16T14:48:17 IST" name="startDriver" finished-at="2024-09-16T14:48:26 IST" duration-ms="9335" status="PASS">
          <params>
            <param index="0">
              <value is-null="true"/>
            </param>
            <param index="1">
              <value>
                <![CDATA[[TestResult name={null} status=CREATED method=TC_01_MyProtien_Login_using_BaseTest.Direct_Search()[pri:0, instance:TestCases.TC_01_MyProtien_Login_using_BaseTest@7a231dfd] output={null}]]]>
              </value>
            </param>
          </params>
          <reporter-output>
          </reporter-output>
        </test-method> <!-- startDriver -->
        <test-method signature="Direct_Search()[pri:0, instance:TestCases.TC_01_MyProtien_Login_using_BaseTest@7a231dfd]" started-at="2024-09-16T14:48:26 IST" name="Direct_Search" description="Direct_Search" finished-at="2024-09-16T14:49:21 IST" duration-ms="54503" status="PASS">
          <reporter-output>
          </reporter-output>
        </test-method> <!-- Direct_Search -->
        <test-method is-config="true" signature="quitDriver(java.lang.String,org.testng.ITestResult)[pri:0, instance:TestCases.TC_01_MyProtien_Login_using_BaseTest@7a231dfd]" started-at="2024-09-16T14:49:21 IST" name="quitDriver" finished-at="2024-09-16T14:49:22 IST" duration-ms="890" status="PASS">
          <params>
            <param index="0">
              <value is-null="true"/>
            </param>
            <param index="1">
              <value>
                <![CDATA[[TestResult name=Direct_Search status=SUCCESS method=TC_01_MyProtien_Login_using_BaseTest.Direct_Search()[pri:0, instance:TestCases.TC_01_MyProtien_Login_using_BaseTest@7a231dfd] output={null}]]]>
              </value>
            </param>
          </params>
          <reporter-output>
          </reporter-output>
        </test-method> <!-- quitDriver -->
      </class> <!-- TestCases.TC_01_MyProtien_Login_using_BaseTest -->
    </test> <!-- Default test -->
  </suite> <!-- Default suite -->
</testng-results>
